  main.cpp
C:\Users\ADMIN\Desktop\bigProject\Castle Wanderer\main.cpp(22,30): error C2065: 'Default': undeclared identifier
C:\Users\ADMIN\Desktop\bigProject\Castle Wanderer\main.cpp(33,46): error C2065: 'Up': undeclared identifier
C:\Users\ADMIN\Desktop\bigProject\Castle Wanderer\main.cpp(47,46): error C2065: 'Right': undeclared identifier
C:\Users\ADMIN\Desktop\bigProject\Castle Wanderer\main.cpp(60,46): error C2065: 'Down': undeclared identifier
C:\Users\ADMIN\Desktop\bigProject\Castle Wanderer\main.cpp(73,46): error C2065: 'Left': undeclared identifier
C:\Users\ADMIN\Desktop\bigProject\Castle Wanderer\main.cpp(86,46): error C2065: 'Dragon': undeclared identifier
C:\Users\ADMIN\Desktop\bigProject\Castle Wanderer\main.cpp(103,46): error C2065: 'Default': undeclared identifier
  basic_init.cpp
C:\Users\ADMIN\Desktop\bigProject\Castle Wanderer\basic_init.cpp(64,26): error C3863: array type 'SDL_Texture *[11]' is not assignable
C:\Users\ADMIN\Desktop\bigProject\Castle Wanderer\basic_init.cpp(73,36): error C2664: 'void SDL_DestroyTexture(SDL_Texture *)': cannot convert argument 1 from 'SDL_Texture *[11]' to 'SDL_Texture *'
C:\Users\ADMIN\Desktop\bigProject\Castle Wanderer\basic_init.cpp(73,28): message : Types pointed to are unrelated; conversion requires reinterpret_cast, C-style cast or function-style cast
C:\Users\ADMIN\Desktop\bigProject\include\SDL_render.h(1071,30): message : see declaration of 'SDL_DestroyTexture'
C:\Users\ADMIN\Desktop\bigProject\Castle Wanderer\basic_init.cpp(74,24): error C3863: array type 'SDL_Texture *[11]' is not assignable
C:\Users\ADMIN\Desktop\bigProject\Castle Wanderer\basic_init.cpp(83,54): error C2664: 'int SDL_SetTextureColorMod(SDL_Texture *,Uint8,Uint8,Uint8)': cannot convert argument 1 from 'SDL_Texture *[11]' to 'SDL_Texture *'
C:\Users\ADMIN\Desktop\bigProject\Castle Wanderer\basic_init.cpp(83,28): message : Types pointed to are unrelated; conversion requires reinterpret_cast, C-style cast or function-style cast
C:\Users\ADMIN\Desktop\bigProject\include\SDL_render.h(302,29): message : see declaration of 'SDL_SetTextureColorMod'
C:\Users\ADMIN\Desktop\bigProject\Castle Wanderer\basic_init.cpp(89,47): error C2664: 'int SDL_SetTextureBlendMode(SDL_Texture *,SDL_BlendMode)': cannot convert argument 1 from 'SDL_Texture *[11]' to 'SDL_Texture *'
C:\Users\ADMIN\Desktop\bigProject\Castle Wanderer\basic_init.cpp(89,29): message : Types pointed to are unrelated; conversion requires reinterpret_cast, C-style cast or function-style cast
C:\Users\ADMIN\Desktop\bigProject\include\SDL_render.h(363,29): message : see declaration of 'SDL_SetTextureBlendMode'
C:\Users\ADMIN\Desktop\bigProject\Castle Wanderer\basic_init.cpp(95,43): error C2664: 'int SDL_SetTextureAlphaMod(SDL_Texture *,Uint8)': cannot convert argument 1 from 'SDL_Texture *[11]' to 'SDL_Texture *'
C:\Users\ADMIN\Desktop\bigProject\Castle Wanderer\basic_init.cpp(95,28): message : Types pointed to are unrelated; conversion requires reinterpret_cast, C-style cast or function-style cast
C:\Users\ADMIN\Desktop\bigProject\include\SDL_render.h(333,29): message : see declaration of 'SDL_SetTextureAlphaMod'
C:\Users\ADMIN\Desktop\bigProject\Castle Wanderer\basic_init.cpp(111,57): error C2664: 'int SDL_RenderCopy(SDL_Renderer *,SDL_Texture *,const SDL_Rect *,const SDL_Rect *)': cannot convert argument 2 from 'SDL_Texture *[11]' to 'SDL_Texture *'
C:\Users\ADMIN\Desktop\bigProject\Castle Wanderer\basic_init.cpp(111,30): message : Types pointed to are unrelated; conversion requires reinterpret_cast, C-style cast or function-style cast
C:\Users\ADMIN\Desktop\bigProject\include\SDL_render.h(870,29): message : see declaration of 'SDL_RenderCopy'
  Generating Code...
